<?xml version="1.0" encoding="UTF-8"?>
<testsuite name="pt.up.fe.ldts.example5.TurtleTest" tests="3" skipped="0" failures="0" errors="0" timestamp="2021-12-20T19:47:22" hostname="MacBook-Pro-de-Manuel.local" time="0.002">
  <properties/>
  <testcase name="testForward()" classname="pt.up.fe.ldts.example5.TurtleTest" time="0.0"/>
  <testcase name="testRotateLeft()" classname="pt.up.fe.ldts.example5.TurtleTest" time="0.0"/>
  <testcase name="testRotateRight()" classname="pt.up.fe.ldts.example5.TurtleTest" time="0.001"/>
  <system-out><![CDATA[]]></system-out>
  <system-err><![CDATA[]]></system-err>
</testsuite>
