<?xml version="1.0" encoding="UTF-8"?>
<testsuite name="pt.up.fe.ldts.example6.TreeTest" tests="6" skipped="0" failures="0" errors="0" timestamp="2021-12-20T20:21:51" hostname="MacBook-Pro-de-Manuel.local" time="0.045">
  <properties/>
  <testcase name="testTreeSetLocation()" classname="pt.up.fe.ldts.example6.TreeTest" time="0.008"/>
  <testcase name="testToString()" classname="pt.up.fe.ldts.example6.TreeTest" time="0.004"/>
  <testcase name="testAddAppraisal()" classname="pt.up.fe.ldts.example6.TreeTest" time="0.008"/>
  <testcase name="testNextAppraisalNotOverdue()" classname="pt.up.fe.ldts.example6.TreeTest" time="0.004"/>
  <testcase name="testTreeCreation()" classname="pt.up.fe.ldts.example6.TreeTest" time="0.004"/>
  <testcase name="testNextAppraisalOverdue()" classname="pt.up.fe.ldts.example6.TreeTest" time="0.003"/>
  <system-out><![CDATA[]]></system-out>
  <system-err><![CDATA[]]></system-err>
</testsuite>
