<?xml version="1.0" encoding="UTF-8"?>
<testsuite name="pt.up.fe.ldts.example4.WorkerTest" tests="3" skipped="0" failures="0" errors="0" timestamp="2021-12-20T19:47:22" hostname="MacBook-Pro-de-Manuel.local" time="0.002">
  <properties/>
  <testcase name="testClient()" classname="pt.up.fe.ldts.example4.WorkerTest" time="0.0"/>
  <testcase name="testWorker()" classname="pt.up.fe.ldts.example4.WorkerTest" time="0.0"/>
  <testcase name="testSupervisor()" classname="pt.up.fe.ldts.example4.WorkerTest" time="0.0"/>
  <system-out><![CDATA[]]></system-out>
  <system-err><![CDATA[]]></system-err>
</testsuite>
